2025-07-08 10:55:33 [http-nio-8080-exec-9] INFO  e.m.g.s.AppelOffreServiceImpl - Liste des appels d'offre récupérée : 1 éléments
2025-07-08 10:55:33 [http-nio-8080-exec-2] INFO  e.m.g.s.AppelOffreServiceImpl - Liste des appels d'offre récupérée : 1 éléments
2025-07-08 10:59:20 [http-nio-8080-exec-6] INFO  e.m.g.s.AppelOffreServiceImpl - Liste des appels d'offre récupérée : 1 éléments
2025-07-08 10:59:20 [http-nio-8080-exec-8] INFO  e.m.g.s.AppelOffreServiceImpl - Liste des appels d'offre récupérée : 1 éléments
2025-07-08 11:03:33 [http-nio-8080-exec-6] INFO  e.m.g.s.AppelOffreServiceImpl - Liste des appels d'offre récupérée : 1 éléments
2025-07-08 11:03:33 [http-nio-8080-exec-2] INFO  e.m.g.s.AppelOffreServiceImpl - Liste des appels d'offre récupérée : 1 éléments
2025-07-08 11:03:50 [http-nio-8080-exec-8] INFO  e.m.g.s.AppelOffreServiceImpl - Liste des appels d'offre récupérée : 1 éléments
2025-07-08 11:03:50 [http-nio-8080-exec-10] INFO  e.m.g.s.AppelOffreServiceImpl - Liste des appels d'offre récupérée : 1 éléments
2025-07-08 11:08:46 [http-nio-8080-exec-7] INFO  e.m.g.s.AppelOffreServiceImpl - Liste des appels d'offre récupérée : 1 éléments
2025-07-08 11:08:46 [http-nio-8080-exec-11] INFO  e.m.g.s.AppelOffreServiceImpl - Liste des appels d'offre récupérée : 1 éléments
2025-07-08 11:20:45 [http-nio-8080-exec-2] INFO  e.m.g.s.AppelOffreServiceImpl - Liste des appels d'offre récupérée : 1 éléments
2025-07-08 11:20:45 [http-nio-8080-exec-3] INFO  e.m.g.s.AppelOffreServiceImpl - Liste des appels d'offre récupérée : 1 éléments
2025-07-08 11:20:53 [http-nio-8080-exec-3] INFO  e.m.g.s.AppelOffreServiceImpl - Liste des appels d'offre récupérée : 1 éléments
2025-07-08 11:20:53 [http-nio-8080-exec-12] INFO  e.m.g.s.AppelOffreServiceImpl - Liste des appels d'offre récupérée : 1 éléments
2025-07-08 11:23:26 [http-nio-8080-exec-8] INFO  e.m.g.s.AppelOffreServiceImpl - Liste des appels d'offre récupérée : 1 éléments
2025-07-08 11:23:26 [http-nio-8080-exec-12] INFO  e.m.g.s.AppelOffreServiceImpl - Liste des appels d'offre récupérée : 1 éléments
2025-07-08 11:23:33 [http-nio-8080-exec-10] INFO  e.m.g.s.AppelOffreServiceImpl - Liste des appels d'offre récupérée : 1 éléments
2025-07-08 11:23:33 [http-nio-8080-exec-3] INFO  e.m.g.s.AppelOffreServiceImpl - Liste des appels d'offre récupérée : 1 éléments
2025-07-08 11:23:34 [http-nio-8080-exec-5] INFO  e.m.g.s.AppelOffreServiceImpl - Liste des appels d'offre récupérée : 1 éléments
2025-07-08 11:23:34 [http-nio-8080-exec-2] INFO  e.m.g.s.AppelOffreServiceImpl - Liste des appels d'offre récupérée : 1 éléments
2025-07-08 11:23:38 [http-nio-8080-exec-8] INFO  e.m.g.s.AppelOffreServiceImpl - Liste des appels d'offre récupérée : 1 éléments
2025-07-08 11:23:38 [http-nio-8080-exec-5] INFO  e.m.g.s.AppelOffreServiceImpl - Liste des appels d'offre récupérée : 1 éléments
2025-07-08 11:23:58 [http-nio-8080-exec-10] INFO  e.m.g.s.AppelOffreServiceImpl - Liste des appels d'offre récupérée : 1 éléments
2025-07-08 11:23:58 [http-nio-8080-exec-3] INFO  e.m.g.s.AppelOffreServiceImpl - Liste des appels d'offre récupérée : 1 éléments
2025-07-08 11:24:05 [http-nio-8080-exec-9] INFO  e.m.g.s.AppelOffreServiceImpl - Liste des appels d'offre récupérée : 1 éléments
2025-07-08 11:24:05 [http-nio-8080-exec-12] INFO  e.m.g.s.AppelOffreServiceImpl - Liste des appels d'offre récupérée : 1 éléments
2025-07-08 11:24:11 [http-nio-8080-exec-10] INFO  e.m.g.s.AppelOffreServiceImpl - Liste des appels d'offre récupérée : 1 éléments
2025-07-08 11:24:11 [http-nio-8080-exec-12] INFO  e.m.g.s.AppelOffreServiceImpl - Liste des appels d'offre récupérée : 1 éléments
2025-07-08 11:24:13 [http-nio-8080-exec-11] INFO  e.m.g.s.AppelOffreServiceImpl - Liste des appels d'offre récupérée : 1 éléments
2025-07-08 11:24:13 [http-nio-8080-exec-6] INFO  e.m.g.s.AppelOffreServiceImpl - Liste des appels d'offre récupérée : 1 éléments
2025-07-08 11:24:29 [http-nio-8080-exec-9] INFO  e.m.g.s.AppelOffreServiceImpl - Liste des appels d'offre récupérée : 1 éléments
2025-07-08 11:24:29 [http-nio-8080-exec-11] INFO  e.m.g.s.AppelOffreServiceImpl - Liste des appels d'offre récupérée : 1 éléments
2025-07-08 11:26:42 [http-nio-8080-exec-6] INFO  e.m.g.s.AppelOffreServiceImpl - Liste des appels d'offre récupérée : 1 éléments
2025-07-08 11:26:42 [http-nio-8080-exec-4] INFO  e.m.g.s.AppelOffreServiceImpl - Liste des appels d'offre récupérée : 1 éléments
2025-07-08 11:26:46 [http-nio-8080-exec-10] INFO  e.m.g.s.AppelOffreServiceImpl - Liste des appels d'offre récupérée : 1 éléments
2025-07-08 11:26:46 [http-nio-8080-exec-9] INFO  e.m.g.s.AppelOffreServiceImpl - Liste des appels d'offre récupérée : 1 éléments
2025-07-08 11:26:49 [http-nio-8080-exec-3] INFO  e.m.g.s.AppelOffreServiceImpl - Liste des appels d'offre récupérée : 1 éléments
2025-07-08 11:26:49 [http-nio-8080-exec-12] INFO  e.m.g.s.AppelOffreServiceImpl - Liste des appels d'offre récupérée : 1 éléments
2025-07-08 11:27:21 [http-nio-8080-exec-12] INFO  e.m.g.s.AppelOffreServiceImpl - Liste des appels d'offre récupérée : 1 éléments
2025-07-08 11:27:21 [http-nio-8080-exec-9] INFO  e.m.g.s.AppelOffreServiceImpl - Liste des appels d'offre récupérée : 1 éléments
2025-07-08 11:28:33 [http-nio-8080-exec-5] INFO  e.m.g.s.AppelOffreServiceImpl - Liste des appels d'offre récupérée : 1 éléments
2025-07-08 11:28:33 [http-nio-8080-exec-8] INFO  e.m.g.s.AppelOffreServiceImpl - Liste des appels d'offre récupérée : 1 éléments
2025-07-08 11:28:35 [http-nio-8080-exec-4] INFO  e.m.g.s.AppelOffreServiceImpl - Liste des appels d'offre récupérée : 1 éléments
2025-07-08 11:28:35 [http-nio-8080-exec-2] INFO  e.m.g.s.AppelOffreServiceImpl - Liste des appels d'offre récupérée : 1 éléments
2025-07-08 11:29:12 [http-nio-8080-exec-5] INFO  e.m.g.s.AppelOffreServiceImpl - Appel d'offre ajouté avec succès : A0012
2025-07-08 11:29:12 [http-nio-8080-exec-12] INFO  e.m.g.s.AppelOffreServiceImpl - Liste des appels d'offre récupérée : 2 éléments
2025-07-08 11:29:12 [http-nio-8080-exec-9] INFO  e.m.g.s.AppelOffreServiceImpl - Liste des appels d'offre récupérée : 2 éléments
2025-07-08 11:29:50 [http-nio-8080-exec-10] INFO  e.m.g.s.AppelOffreServiceImpl - Liste des appels d'offre récupérée : 2 éléments
2025-07-08 11:29:50 [http-nio-8080-exec-12] INFO  e.m.g.s.AppelOffreServiceImpl - Liste des appels d'offre récupérée : 2 éléments
2025-07-08 11:29:58 [http-nio-8080-exec-4] INFO  e.m.g.s.AppelOffreServiceImpl - Liste des appels d'offre récupérée : 2 éléments
2025-07-08 11:29:58 [http-nio-8080-exec-10] INFO  e.m.g.s.AppelOffreServiceImpl - Liste des appels d'offre récupérée : 2 éléments
2025-07-08 11:30:06 [http-nio-8080-exec-5] INFO  e.m.g.s.AppelOffreServiceImpl - Liste des appels d'offre récupérée : 2 éléments
2025-07-08 11:30:06 [http-nio-8080-exec-4] INFO  e.m.g.s.AppelOffreServiceImpl - Liste des appels d'offre récupérée : 2 éléments
2025-07-08 11:30:13 [http-nio-8080-exec-9] INFO  e.m.g.s.AppelOffreServiceImpl - Liste des appels d'offre récupérée : 2 éléments
2025-07-08 11:30:13 [http-nio-8080-exec-5] INFO  e.m.g.s.AppelOffreServiceImpl - Liste des appels d'offre récupérée : 2 éléments
2025-07-08 11:30:23 [http-nio-8080-exec-9] INFO  e.m.g.s.AppelOffreServiceImpl - Liste des appels d'offre récupérée : 2 éléments
2025-07-08 11:30:23 [http-nio-8080-exec-2] INFO  e.m.g.s.AppelOffreServiceImpl - Liste des appels d'offre récupérée : 2 éléments
2025-07-08 11:32:10 [http-nio-8080-exec-12] INFO  e.m.g.s.AppelOffreServiceImpl - Liste des appels d'offre récupérée : 2 éléments
2025-07-08 11:32:10 [http-nio-8080-exec-4] INFO  e.m.g.s.AppelOffreServiceImpl - Liste des appels d'offre récupérée : 2 éléments
2025-07-08 11:32:46 [http-nio-8080-exec-12] INFO  e.m.g.s.AppelOffreServiceImpl - Liste des appels d'offre récupérée : 2 éléments
2025-07-08 11:32:46 [http-nio-8080-exec-2] INFO  e.m.g.s.AppelOffreServiceImpl - Liste des appels d'offre récupérée : 2 éléments
2025-07-08 11:32:59 [http-nio-8080-exec-2] INFO  e.m.g.s.AppelOffreServiceImpl - Liste des appels d'offre récupérée : 2 éléments
2025-07-08 11:32:59 [http-nio-8080-exec-3] INFO  e.m.g.s.AppelOffreServiceImpl - Liste des appels d'offre récupérée : 2 éléments
2025-07-08 11:36:28 [http-nio-8080-exec-12] INFO  e.m.g.s.AppelOffreServiceImpl - Liste des appels d'offre récupérée : 2 éléments
2025-07-08 11:36:28 [http-nio-8080-exec-8] INFO  e.m.g.s.AppelOffreServiceImpl - Liste des appels d'offre récupérée : 2 éléments
2025-07-08 11:36:32 [http-nio-8080-exec-4] INFO  e.m.g.s.AppelOffreServiceImpl - Appel d'offre supprimé : A0012
2025-07-08 11:37:14 [http-nio-8080-exec-12] INFO  e.m.g.s.AppelOffreServiceImpl - Liste des appels d'offre récupérée : 1 éléments
2025-07-08 11:37:14 [http-nio-8080-exec-8] INFO  e.m.g.s.AppelOffreServiceImpl - Liste des appels d'offre récupérée : 1 éléments
2025-07-08 11:37:15 [http-nio-8080-exec-6] INFO  e.m.g.s.AppelOffreServiceImpl - Liste des appels d'offre récupérée : 1 éléments
2025-07-08 11:37:15 [http-nio-8080-exec-2] INFO  e.m.g.s.AppelOffreServiceImpl - Liste des appels d'offre récupérée : 1 éléments
2025-07-08 11:41:29 [http-nio-8080-exec-2] INFO  e.m.g.s.AppelOffreServiceImpl - Liste des appels d'offre récupérée : 1 éléments
2025-07-08 11:41:29 [http-nio-8080-exec-5] INFO  e.m.g.s.AppelOffreServiceImpl - Liste des appels d'offre récupérée : 1 éléments
2025-07-08 11:41:55 [http-nio-8080-exec-11] INFO  e.m.g.s.AppelOffreServiceImpl - Liste des appels d'offre récupérée : 1 éléments
2025-07-08 11:41:55 [http-nio-8080-exec-8] INFO  e.m.g.s.AppelOffreServiceImpl - Liste des appels d'offre récupérée : 1 éléments
2025-07-08 11:42:11 [http-nio-8080-exec-9] INFO  e.m.g.s.AppelOffreServiceImpl - Liste des appels d'offre récupérée : 1 éléments
2025-07-08 11:42:11 [http-nio-8080-exec-4] INFO  e.m.g.s.AppelOffreServiceImpl - Liste des appels d'offre récupérée : 1 éléments
2025-07-08 11:43:17 [http-nio-8080-exec-5] INFO  e.m.g.s.AppelOffreServiceImpl - Liste des appels d'offre récupérée : 1 éléments
2025-07-08 11:43:17 [http-nio-8080-exec-2] INFO  e.m.g.s.AppelOffreServiceImpl - Liste des appels d'offre récupérée : 1 éléments
2025-07-08 12:48:19 [http-nio-8080-exec-1] INFO  e.m.g.s.AppelOffreServiceImpl - Liste des appels d'offre récupérée : 0 éléments
2025-07-08 12:48:19 [http-nio-8080-exec-9] INFO  e.m.g.s.AppelOffreServiceImpl - Liste des appels d'offre récupérée : 0 éléments
2025-07-08 12:50:38 [http-nio-8080-exec-2] INFO  e.m.g.s.AppelOffreServiceImpl - Appel d'offre ajouté avec succès : B22
2025-07-08 12:50:38 [http-nio-8080-exec-4] INFO  e.m.g.s.AppelOffreServiceImpl - Liste des appels d'offre récupérée : 1 éléments
2025-07-08 12:50:38 [http-nio-8080-exec-7] INFO  e.m.g.s.AppelOffreServiceImpl - Liste des appels d'offre récupérée : 1 éléments
2025-07-08 12:50:56 [http-nio-8080-exec-8] INFO  e.m.g.s.AppelOffreServiceImpl - Appel d'offre modifié avec succès : ID 1
2025-07-08 12:50:56 [http-nio-8080-exec-9] INFO  e.m.g.s.AppelOffreServiceImpl - Liste des appels d'offre récupérée : 1 éléments
